[8944:12240:0507/115705.232:INFO:chrome_browser_cloud_management_controller.cc(202)] No machine level policy manager exists.
[1760:8640:0507/115705.370:INFO:cpu_info.cc(53)] Available number of cores: 12
[11240:8604:0507/115705.397:INFO:cpu_info.cc(53)] Available number of cores: 12
[11660:7724:0507/115705.691:INFO:cpu_info.cc(53)] Available number of cores: 12
[10636:20920:0507/115706.130:INFO:cpu_info.cc(53)] Available number of cores: 12
[12804:9496:0507/115706.353:VERBOSE1:viz_main_impl.cc(85)] VizNullHypothesis is disabled (not a warning)
[21416:19576:0507/115706.736:INFO:cpu_info.cc(53)] Available number of cores: 12
[5148:20600:0507/115707.151:INFO:cpu_info.cc(53)] Available number of cores: 12
[8944:12240:0507/115708.105:INFO:CONSOLE(250)] "
%cStop! font-family:helvetica; font-size:20px; font-size:50px; font-weight:bold; color:red; -webkit-text-stroke:1px black;", source: https://static.xx.fbcdn.net/rsrc.php/v4/yJ/r/mtiijeELSwP.js?_nc_eui2=AeFqH9OIb7LmAaHY2Himlq0yHSxwQutKgModLHBC60qAyoG19uYfAVeQTaPDrVQAC-NktwLnK11eSr1i-VsyAB6j (250)
[8944:12240:0507/115708.108:INFO:CONSOLE(250)] "
%cThis is a browser feature intended for developers. If someone told you to copy-paste something here to enable a Facebook feature or "hack" someone's account, it is a scam and will give them access to your Facebook account. font-family:helvetica; font-size:20px; ", source: https://static.xx.fbcdn.net/rsrc.php/v4/yJ/r/mtiijeELSwP.js?_nc_eui2=AeFqH9OIb7LmAaHY2Himlq0yHSxwQutKgModLHBC60qAyoG19uYfAVeQTaPDrVQAC-NktwLnK11eSr1i-VsyAB6j (250)
[8944:12240:0507/115708.108:INFO:CONSOLE(250)] "
%cSee https://www.facebook.com/selfxss for more information. font-family:helvetica; font-size:20px; ", source: https://static.xx.fbcdn.net/rsrc.php/v4/yJ/r/mtiijeELSwP.js?_nc_eui2=AeFqH9OIb7LmAaHY2Himlq0yHSxwQutKgModLHBC60qAyoG19uYfAVeQTaPDrVQAC-NktwLnK11eSr1i-VsyAB6j (250)
[8944:12240:0507/115708.108:INFO:CONSOLE(250)] "
%c ", source: https://static.xx.fbcdn.net/rsrc.php/v4/yJ/r/mtiijeELSwP.js?_nc_eui2=AeFqH9OIb7LmAaHY2Himlq0yHSxwQutKgModLHBC60qAyoG19uYfAVeQTaPDrVQAC-NktwLnK11eSr1i-VsyAB6j (250)
[6468:11408:0507/115709.776:INFO:cpu_info.cc(53)] Available number of cores: 12
[6572:8040:0507/115710.951:INFO:cpu_info.cc(53)] Available number of cores: 12
[20500:12496:0507/115711.219:INFO:cpu_info.cc(53)] Available number of cores: 12
[8944:12240:0507/115711.656:INFO:CONSOLE(250)] "
%cStop! font-family:helvetica; font-size:20px; font-size:50px; font-weight:bold; color:red; -webkit-text-stroke:1px black;", source: https://static.xx.fbcdn.net/rsrc.php/v4/yJ/r/mtiijeELSwP.js?_nc_eui2=AeFqH9OIb7LmAaHY2Himlq0yHSxwQutKgModLHBC60qAyoG19uYfAVeQTaPDrVQAC-NktwLnK11eSr1i-VsyAB6j (250)
[8944:12240:0507/115711.656:INFO:CONSOLE(250)] "
%cThis is a browser feature intended for developers. If someone told you to copy-paste something here to enable a Facebook feature or "hack" someone's account, it is a scam and will give them access to your Facebook account. font-family:helvetica; font-size:20px; ", source: https://static.xx.fbcdn.net/rsrc.php/v4/yJ/r/mtiijeELSwP.js?_nc_eui2=AeFqH9OIb7LmAaHY2Himlq0yHSxwQutKgModLHBC60qAyoG19uYfAVeQTaPDrVQAC-NktwLnK11eSr1i-VsyAB6j (250)
[8944:12240:0507/115711.656:INFO:CONSOLE(250)] "
%cSee https://www.facebook.com/selfxss for more information. font-family:helvetica; font-size:20px; ", source: https://static.xx.fbcdn.net/rsrc.php/v4/yJ/r/mtiijeELSwP.js?_nc_eui2=AeFqH9OIb7LmAaHY2Himlq0yHSxwQutKgModLHBC60qAyoG19uYfAVeQTaPDrVQAC-NktwLnK11eSr1i-VsyAB6j (250)
[8944:12240:0507/115711.656:INFO:CONSOLE(250)] "
%c ", source: https://static.xx.fbcdn.net/rsrc.php/v4/yJ/r/mtiijeELSwP.js?_nc_eui2=AeFqH9OIb7LmAaHY2Himlq0yHSxwQutKgModLHBC60qAyoG19uYfAVeQTaPDrVQAC-NktwLnK11eSr1i-VsyAB6j (250)
