[17952:21672:0506/234149.337:INFO:chrome_browser_cloud_management_controller.cc(202)] No machine level policy manager exists.
[19496:11892:0506/234149.754:INFO:cpu_info.cc(53)] Available number of cores: 12
[12260:8600:0506/234149.782:INFO:cpu_info.cc(53)] Available number of cores: 12
[12780:3784:0506/234150.638:INFO:cpu_info.cc(53)] Available number of cores: 12
[14116:17508:0506/234150.985:INFO:cpu_info.cc(53)] Available number of cores: 12
[17756:11848:0506/234150.999:INFO:cpu_info.cc(53)] Available number of cores: 12
[7124:9668:0506/234151.006:VERBOSE1:viz_main_impl.cc(85)] VizNullHypothesis is disabled (not a warning)
[19500:9012:0506/234153.388:INFO:cpu_info.cc(53)] Available number of cores: 12
[17952:21672:0506/234153.648:INFO:CONSOLE(250)] "
%cStop! font-family:helvetica; font-size:20px; font-size:50px; font-weight:bold; color:red; -webkit-text-stroke:1px black;", source: https://static.xx.fbcdn.net/rsrc.php/v4/ys/r/orxK_26QD5T.js?_nc_eui2=AeFCvTMYwaJNgGfFSvdqx8MpL6Zk9NcYYVEvpmT01xhhUXaP7W4NU86ISwCciq7__6mZ17ko-neunNDRwM_MI0wt (250)
[4104:12272:0506/234153.675:INFO:cpu_info.cc(53)] Available number of cores: 12
[17952:21672:0506/234153.688:INFO:CONSOLE(250)] "
%cThis is a browser feature intended for developers. If someone told you to copy-paste something here to enable a Facebook feature or "hack" someone's account, it is a scam and will give them access to your Facebook account. font-family:helvetica; font-size:20px; ", source: https://static.xx.fbcdn.net/rsrc.php/v4/ys/r/orxK_26QD5T.js?_nc_eui2=AeFCvTMYwaJNgGfFSvdqx8MpL6Zk9NcYYVEvpmT01xhhUXaP7W4NU86ISwCciq7__6mZ17ko-neunNDRwM_MI0wt (250)
[17952:21672:0506/234153.688:INFO:CONSOLE(250)] "
%cSee https://www.facebook.com/selfxss for more information. font-family:helvetica; font-size:20px; ", source: https://static.xx.fbcdn.net/rsrc.php/v4/ys/r/orxK_26QD5T.js?_nc_eui2=AeFCvTMYwaJNgGfFSvdqx8MpL6Zk9NcYYVEvpmT01xhhUXaP7W4NU86ISwCciq7__6mZ17ko-neunNDRwM_MI0wt (250)
[17952:21672:0506/234153.688:INFO:CONSOLE(250)] "
%c ", source: https://static.xx.fbcdn.net/rsrc.php/v4/ys/r/orxK_26QD5T.js?_nc_eui2=AeFCvTMYwaJNgGfFSvdqx8MpL6Zk9NcYYVEvpmT01xhhUXaP7W4NU86ISwCciq7__6mZ17ko-neunNDRwM_MI0wt (250)
[17952:21672:0506/234154.544:INFO:CONSOLE(77)] "ErrorUtils caught an error:

[EncryptedBackups][MinosPublicKeysUtils] Missing or Null Minos Epoch Anon ID

Subsequent non-fatal errors won't be logged; see https://fburl.com/debugjs. [object Object]", source: https://static.xx.fbcdn.net/rsrc.php/v4/ys/r/orxK_26QD5T.js?_nc_eui2=AeFCvTMYwaJNgGfFSvdqx8MpL6Zk9NcYYVEvpmT01xhhUXaP7W4NU86ISwCciq7__6mZ17ko-neunNDRwM_MI0wt (77)
