[17900:8024:0507/114206.124:INFO:chrome_browser_cloud_management_controller.cc(202)] No machine level policy manager exists.
[1456:16608:0507/114206.372:INFO:cpu_info.cc(53)] Available number of cores: 12
[6896:7912:0507/114206.385:INFO:cpu_info.cc(53)] Available number of cores: 12
[7944:15064:0507/114206.656:INFO:cpu_info.cc(53)] Available number of cores: 12
[6512:8996:0507/114207.124:INFO:cpu_info.cc(53)] Available number of cores: 12
[20728:4508:0507/114207.139:INFO:cpu_info.cc(53)] Available number of cores: 12
[15632:19568:0507/114207.306:VERBOSE1:viz_main_impl.cc(85)] VizNullHypothesis is disabled (not a warning)
[17900:8024:0507/114207.607:INFO:CONSOLE(0)] "[DOM] Input elements should have autocomplete attributes (suggested: "current-password"): (More info: https://goo.gl/9p2vKq) %o", source: https://www.facebook.com/ (0)
[15632:19568:0507/114207.834:ERROR:gles2_cmd_decoder_passthrough.cc(1081)] [GroupMarkerNotSet(crbug.com/242999)!:A0C02800843D0000]Automatic fallback to software WebGL has been deprecated. Please use the --enable-unsafe-swiftshader flag to opt in to lower security guarantees for trusted content.
[17900:8024:0507/114207.857:INFO:CONSOLE(0)] "[GroupMarkerNotSet(crbug.com/242999)!:A0C02800843D0000]Automatic fallback to software WebGL has been deprecated. Please use the --enable-unsafe-swiftshader flag to opt in to lower security guarantees for trusted content.", source: https://www.facebook.com/ (0)
[15632:19568:0507/114207.865:ERROR:gles2_cmd_decoder_passthrough.cc(1081)] [GroupMarkerNotSet(crbug.com/242999)!:A0F02800843D0000]Automatic fallback to software WebGL has been deprecated. Please use the --enable-unsafe-swiftshader flag to opt in to lower security guarantees for trusted content.
[15632:19568:0507/114207.874:ERROR:gles2_cmd_decoder_passthrough.cc(1081)] [GroupMarkerNotSet(crbug.com/242999)!:A0202900843D0000]Automatic fallback to software WebGL has been deprecated. Please use the --enable-unsafe-swiftshader flag to opt in to lower security guarantees for trusted content.
[17900:8024:0507/114207.886:INFO:CONSOLE(0)] "
%cStop! font-family:helvetica; font-size:20px; font-size:50px; font-weight:bold; color:red; -webkit-text-stroke:1px black;", source:  (0)
[17900:8024:0507/114207.886:INFO:CONSOLE(0)] "
%cThis is a browser feature intended for developers. If someone told you to copy and paste something here to enable a Facebook feature or "hack" someone's account, it is a scam and will give them access to your Facebook account. font-family:helvetica; font-size:20px; ", source:  (0)
[17900:8024:0507/114207.886:INFO:CONSOLE(0)] "
%cSee https://www.facebook.com/selfxss for more information. font-family:helvetica; font-size:20px; ", source:  (0)
[17900:8024:0507/114207.886:INFO:CONSOLE(0)] "
%c ", source:  (0)
[15632:19568:0507/114207.890:ERROR:gles2_cmd_decoder_passthrough.cc(1081)] [GroupMarkerNotSet(crbug.com/242999)!:A0502900843D0000]Automatic fallback to software WebGL has been deprecated. Please use the --enable-unsafe-swiftshader flag to opt in to lower security guarantees for trusted content.
[17900:8024:0507/114207.899:INFO:CONSOLE(0)] "[GroupMarkerNotSet(crbug.com/242999)!:A0F02800843D0000]Automatic fallback to software WebGL has been deprecated. Please use the --enable-unsafe-swiftshader flag to opt in to lower security guarantees for trusted content.", source: https://www.facebook.com/ (0)
[17900:8024:0507/114207.899:INFO:CONSOLE(0)] "[GroupMarkerNotSet(crbug.com/242999)!:A0202900843D0000]Automatic fallback to software WebGL has been deprecated. Please use the --enable-unsafe-swiftshader flag to opt in to lower security guarantees for trusted content.", source: https://www.facebook.com/ (0)
[17900:8024:0507/114207.899:INFO:CONSOLE(0)] "[GroupMarkerNotSet(crbug.com/242999)!:A0502900843D0000]Automatic fallback to software WebGL has been deprecated. Please use the --enable-unsafe-swiftshader flag to opt in to lower security guarantees for trusted content.", source: https://www.facebook.com/ (0)
[17900:8024:0507/114213.266:INFO:CONSOLE(0)] "
%cStop! font-family:helvetica; font-size:20px; font-size:50px; font-weight:bold; color:red; -webkit-text-stroke:1px black;", source:  (0)
[17900:8024:0507/114213.266:INFO:CONSOLE(0)] "
%cThis is a browser feature intended for developers. If someone told you to copy and paste something here to enable a Facebook feature or "hack" someone's account, it is a scam and will give them access to your Facebook account. font-family:helvetica; font-size:20px; ", source:  (0)
[17900:8024:0507/114213.266:INFO:CONSOLE(0)] "
%cSee https://www.facebook.com/selfxss for more information. font-family:helvetica; font-size:20px; ", source:  (0)
[17900:8024:0507/114213.266:INFO:CONSOLE(0)] "
%c ", source:  (0)
[15632:19568:0507/114213.270:ERROR:gles2_cmd_decoder_passthrough.cc(1081)] [GroupMarkerNotSet(crbug.com/242999)!:A0202900843D0000]Automatic fallback to software WebGL has been deprecated. Please use the --enable-unsafe-swiftshader flag to opt in to lower security guarantees for trusted content.
[17900:8024:0507/114213.277:INFO:CONSOLE(0)] "[GroupMarkerNotSet(crbug.com/242999)!:A0202900843D0000]Automatic fallback to software WebGL has been deprecated. Please use the --enable-unsafe-swiftshader flag to opt in to lower security guarantees for trusted content.", source: https://www.facebook.com/login/?privacy_mutation_token=eyJ0eXBlIjowLCJjcmVhdGlvbl90aW1lIjoxNzQ2NjAwMTI0LCJjYWxsc2l0ZV9pZCI6MzgxMjI5MDc5NTc1OTQ2fQ%3D%3D&next (0)
[19768:19528:0507/114216.850:WARNING:sqlite_persistent_store_backend_base.cc(176)] Failed to post task from FlushAndNotifyInBackground@net\extras\sqlite\sqlite_persistent_store_backend_base.cc:226 to client_task_runner_.
[19768:19528:0507/114216.850:WARNING:sqlite_persistent_store_backend_base.cc(176)] Failed to post task from FlushAndNotifyInBackground@net\extras\sqlite\sqlite_persistent_store_backend_base.cc:226 to client_task_runner_.
