[728:16572:0507/115800.558:INFO:chrome_browser_cloud_management_controller.cc(202)] No machine level policy manager exists.
[1912:19564:0507/115800.684:INFO:cpu_info.cc(53)] Available number of cores: 12
[10116:12916:0507/115800.690:INFO:cpu_info.cc(53)] Available number of cores: 12
[13840:11924:0507/115801.057:INFO:cpu_info.cc(53)] Available number of cores: 12
[7260:1668:0507/115801.373:INFO:cpu_info.cc(53)] Available number of cores: 12
[3404:12836:0507/115801.624:VERBOSE1:viz_main_impl.cc(85)] VizNullHypothesis is disabled (not a warning)
[10396:17772:0507/115801.898:INFO:cpu_info.cc(53)] Available number of cores: 12
[9928:8292:0507/115803.021:INFO:cpu_info.cc(53)] Available number of cores: 12
[19984:3012:0507/115803.362:INFO:cpu_info.cc(53)] Available number of cores: 12
[728:16572:0507/115804.288:INFO:CONSOLE(250)] "
%cStop! font-family:helvetica; font-size:20px; font-size:50px; font-weight:bold; color:red; -webkit-text-stroke:1px black;", source: https://static.xx.fbcdn.net/rsrc.php/v4/yJ/r/mtiijeELSwP.js (250)
[728:16572:0507/115804.288:INFO:CONSOLE(250)] "
%cThis is a browser feature intended for developers. If someone told you to copy-paste something here to enable a Facebook feature or "hack" someone's account, it is a scam and will give them access to your Facebook account. font-family:helvetica; font-size:20px; ", source: https://static.xx.fbcdn.net/rsrc.php/v4/yJ/r/mtiijeELSwP.js (250)
[728:16572:0507/115804.288:INFO:CONSOLE(250)] "
%cSee https://www.facebook.com/selfxss for more information. font-family:helvetica; font-size:20px; ", source: https://static.xx.fbcdn.net/rsrc.php/v4/yJ/r/mtiijeELSwP.js (250)
[728:16572:0507/115804.288:INFO:CONSOLE(250)] "
%c ", source: https://static.xx.fbcdn.net/rsrc.php/v4/yJ/r/mtiijeELSwP.js (250)
[728:16572:0507/115808.961:INFO:CONSOLE(250)] "
%cStop! font-family:helvetica; font-size:20px; font-size:50px; font-weight:bold; color:red; -webkit-text-stroke:1px black;", source: https://static.xx.fbcdn.net/rsrc.php/v4/yJ/r/mtiijeELSwP.js (250)
[728:16572:0507/115808.961:INFO:CONSOLE(250)] "
%cThis is a browser feature intended for developers. If someone told you to copy-paste something here to enable a Facebook feature or "hack" someone's account, it is a scam and will give them access to your Facebook account. font-family:helvetica; font-size:20px; ", source: https://static.xx.fbcdn.net/rsrc.php/v4/yJ/r/mtiijeELSwP.js (250)
[728:16572:0507/115808.961:INFO:CONSOLE(250)] "
%cSee https://www.facebook.com/selfxss for more information. font-family:helvetica; font-size:20px; ", source: https://static.xx.fbcdn.net/rsrc.php/v4/yJ/r/mtiijeELSwP.js (250)
[728:16572:0507/115808.961:INFO:CONSOLE(250)] "
%c ", source: https://static.xx.fbcdn.net/rsrc.php/v4/yJ/r/mtiijeELSwP.js (250)
[728:16572:0507/115840.001:INFO:CONSOLE(0)] "ResizeObserver loop completed with undelivered notifications.", source: https://www.facebook.com/groups/1556506738600649 (0)
[728:16572:0507/115842.820:INFO:CONSOLE(0)] "ResizeObserver loop completed with undelivered notifications.", source: https://www.facebook.com/groups/1556506738600649 (0)
[4552:20700:0507/115847.952:WARNING:sqlite_persistent_store_backend_base.cc(176)] Failed to post task from FlushAndNotifyInBackground@net\extras\sqlite\sqlite_persistent_store_backend_base.cc:226 to client_task_runner_.
[4552:20700:0507/115847.952:WARNING:sqlite_persistent_store_backend_base.cc(176)] Failed to post task from FlushAndNotifyInBackground@net\extras\sqlite\sqlite_persistent_store_backend_base.cc:226 to client_task_runner_.
